{"contracts/SolidifiedBugBounty.sol":{"l":{"48":2,"49":2,"56":0,"57":0,"58":0,"62":0,"63":0,"64":0,"65":0,"69":0,"70":0,"75":0,"76":0,"84":0,"85":0,"86":0,"87":0,"88":0,"89":0,"90":0,"96":0,"123":0},"path":"/home/jgcarv/Dev/Ethereum/Solidified/BugBounty/bug-bounty-contracts/contracts/SolidifiedBugBounty.sol","s":{"1":2,"2":0,"3":0,"4":0,"5":0,"6":0,"7":0,"8":0,"9":0,"10":0,"11":0,"12":0,"13":0,"14":0,"15":0,"16":0,"17":0,"18":0,"19":0,"20":0},"b":{"1":[0,0],"2":[0,0],"3":[0,0],"4":[0,0],"5":[0,0],"6":[0,0]},"f":{"1":2,"2":0,"3":0,"4":0,"5":0,"6":0,"7":0,"8":0},"fnMap":{"1":{"name":null,"line":47,"loc":{"start":{"line":47,"column":4},"end":{"line":47,"column":34}}},"2":{"name":"deposit","line":55,"loc":{"start":{"line":55,"column":4},"end":{"line":55,"column":42}}},"3":{"name":"withdraw","line":61,"loc":{"start":{"line":61,"column":4},"end":{"line":61,"column":43}}},"4":{"name":"__transfer","line":68,"loc":{"start":{"line":68,"column":4},"end":{"line":68,"column":75}}},"5":{"name":"sendToPool","line":74,"loc":{"start":{"line":74,"column":4},"end":{"line":74,"column":79}}},"6":{"name":"postProject","line":83,"loc":{"start":{"line":83,"column":4},"end":{"line":83,"column":99}}},"7":{"name":"pullProject","line":95,"loc":{"start":{"line":95,"column":4},"end":{"line":95,"column":48}}},"8":{"name":"isOrdered","line":122,"loc":{"start":{"line":122,"column":4},"end":{"line":122,"column":71}}}},"statementMap":{"1":{"start":{"line":48,"column":8},"end":{"line":48,"column":17}},"2":{"start":{"line":56,"column":8},"end":{"line":56,"column":75}},"3":{"start":{"line":57,"column":8},"end":{"line":57,"column":63}},"4":{"start":{"line":58,"column":8},"end":{"line":58,"column":22}},"5":{"start":{"line":62,"column":8},"end":{"line":62,"column":47}},"6":{"start":{"line":63,"column":8},"end":{"line":63,"column":56}},"7":{"start":{"line":64,"column":8},"end":{"line":64,"column":63}},"8":{"start":{"line":65,"column":8},"end":{"line":65,"column":23}},"9":{"start":{"line":69,"column":8},"end":{"line":69,"column":53}},"10":{"start":{"line":70,"column":8},"end":{"line":70,"column":49}},"11":{"start":{"line":75,"column":8},"end":{"line":75,"column":55}},"12":{"start":{"line":76,"column":8},"end":{"line":76,"column":69}},"13":{"start":{"line":84,"column":8},"end":{"line":84,"column":40}},"14":{"start":{"line":85,"column":8},"end":{"line":85,"column":45}},"15":{"start":{"line":86,"column":8},"end":{"line":86,"column":86}},"16":{"start":{"line":87,"column":8},"end":{"line":87,"column":139}},"17":{"start":{"line":88,"column":8},"end":{"line":88,"column":54}},"18":{"start":{"line":89,"column":8},"end":{"line":89,"column":28}},"19":{"start":{"line":96,"column":8},"end":{"line":96,"column":73}},"20":{"start":{"line":123,"column":8},"end":{"line":123,"column":95}}},"branchMap":{"1":{"line":56,"type":"if","locations":[{"start":{"line":56,"column":8},"end":{"line":56,"column":8}},{"start":{"line":56,"column":8},"end":{"line":56,"column":8}}]},"2":{"line":62,"type":"if","locations":[{"start":{"line":62,"column":8},"end":{"line":62,"column":8}},{"start":{"line":62,"column":8},"end":{"line":62,"column":8}}]},"3":{"line":63,"type":"if","locations":[{"start":{"line":63,"column":8},"end":{"line":63,"column":8}},{"start":{"line":63,"column":8},"end":{"line":63,"column":8}}]},"4":{"line":84,"type":"if","locations":[{"start":{"line":84,"column":8},"end":{"line":84,"column":8}},{"start":{"line":84,"column":8},"end":{"line":84,"column":8}}]},"5":{"line":85,"type":"if","locations":[{"start":{"line":85,"column":8},"end":{"line":85,"column":8}},{"start":{"line":85,"column":8},"end":{"line":85,"column":8}}]},"6":{"line":96,"type":"if","locations":[{"start":{"line":96,"column":8},"end":{"line":96,"column":8}},{"start":{"line":96,"column":8},"end":{"line":96,"column":8}}]}}}}