TN:
SF:/home/jgcarv/Dev/Ethereum/Solidified/BugBounty/bug-bounty-contracts/contracts/SolidifiedBugBounty.sol
FN:47,
FN:55,deposit
FN:61,withdraw
FN:68,__transfer
FN:74,sendToPool
FN:83,postProject
FN:95,pullProject
FN:122,isOrdered
FNF:8
FNH:1
FNDA:2,
FNDA:0,deposit
FNDA:0,withdraw
FNDA:0,__transfer
FNDA:0,sendToPool
FNDA:0,postProject
FNDA:0,pullProject
FNDA:0,isOrdered
DA:48,2
DA:49,2
DA:56,0
DA:57,0
DA:58,0
DA:62,0
DA:63,0
DA:64,0
DA:65,0
DA:69,0
DA:70,0
DA:75,0
DA:76,0
DA:84,0
DA:85,0
DA:86,0
DA:87,0
DA:88,0
DA:89,0
DA:90,0
DA:96,0
DA:123,0
LF:22
LH:2
BRDA:56,1,0,0
BRDA:56,1,1,0
BRDA:62,2,0,0
BRDA:62,2,1,0
BRDA:63,3,0,0
BRDA:63,3,1,0
BRDA:84,4,0,0
BRDA:84,4,1,0
BRDA:85,5,0,0
BRDA:85,5,1,0
BRDA:96,6,0,0
BRDA:96,6,1,0
BRF:12
BRH:0
end_of_record
